Loading model...
Loading dataset...
Dataset ready: 50 triplets, 66 images, 77 unique Pluckers
Found 50 training triplets
Starting training...
Starting from scratch
Epoch 1: avg_loss = 0.1289
Epoch 2: avg_loss = 0.1408
Epoch 3: avg_loss = 0.1585
Epoch 4: avg_loss = 0.1172
Epoch 5: avg_loss = 0.1074
Epoch 6: avg_loss = 0.1280
Epoch 7: avg_loss = 0.1067
Epoch 8: avg_loss = 0.0935
Epoch 9: avg_loss = 0.1308
Epoch 10: avg_loss = 0.0776
Epoch 11: avg_loss = 0.0889
Epoch 12: avg_loss = 0.1117
Epoch 13: avg_loss = 0.1035
Epoch 14: avg_loss = 0.0811
Epoch 15: avg_loss = 0.0684
Epoch 16: avg_loss = 0.0945
Epoch 17: avg_loss = 0.1010
Epoch 18: avg_loss = 0.0806
Epoch 19: avg_loss = 0.0723
Epoch 20: avg_loss = 0.0674
Epoch 21: avg_loss = 0.0556
Epoch 22: avg_loss = 0.0617
Epoch 23: avg_loss = 0.0484
Epoch 24: avg_loss = 0.0649
Epoch 25: avg_loss = 0.0566
Epoch 26: avg_loss = 0.0937
Epoch 27: avg_loss = 0.0667
Epoch 28: avg_loss = 0.0405
Epoch 29: avg_loss = 0.0521
Epoch 30: avg_loss = 0.0432
Epoch 31: avg_loss = 0.0343
Epoch 32: avg_loss = 0.0637
Epoch 33: avg_loss = 0.0376
Epoch 34: avg_loss = 0.0409
Epoch 35: avg_loss = 0.0431
Epoch 36: avg_loss = 0.0740
Epoch 37: avg_loss = 0.0532
Epoch 38: avg_loss = 0.0403
Epoch 39: avg_loss = 0.0228
Epoch 40: avg_loss = 0.0396
Epoch 41: avg_loss = 0.0276
Epoch 42: avg_loss = 0.0461
Epoch 43: avg_loss = 0.0167
Epoch 44: avg_loss = 0.0229
Epoch 45: avg_loss = 0.0166
Epoch 46: avg_loss = 0.0202
Epoch 47: avg_loss = 0.0215
Epoch 48: avg_loss = 0.0135
Epoch 49: avg_loss = 0.0086
Epoch 50: avg_loss = 0.0123
Saved checkpoints/pose_sd_toy_overfit/unet_epoch_50.pt
Epoch 51: avg_loss = 0.0227
Epoch 52: avg_loss = 0.0153
Epoch 53: avg_loss = 0.0085
Epoch 54: avg_loss = 0.0088
Epoch 55: avg_loss = 0.0084
Epoch 56: avg_loss = 0.0153
Epoch 57: avg_loss = 0.0122
Epoch 58: avg_loss = 0.0056
Epoch 59: avg_loss = 0.0076
Epoch 60: avg_loss = 0.0213
Epoch 61: avg_loss = 0.0193
Epoch 62: avg_loss = 0.0411
Epoch 63: avg_loss = 0.0320
Epoch 64: avg_loss = 0.0190
Epoch 65: avg_loss = 0.0156
Epoch 66: avg_loss = 0.0101
Epoch 67: avg_loss = 0.0102
Epoch 68: avg_loss = 0.0118
Epoch 69: avg_loss = 0.0293
Epoch 70: avg_loss = 0.0116
Epoch 71: avg_loss = 0.0109
Epoch 72: avg_loss = 0.0088
Epoch 73: avg_loss = 0.0159
Epoch 74: avg_loss = 0.0309
Epoch 75: avg_loss = 0.0127
Epoch 76: avg_loss = 0.0123
Epoch 77: avg_loss = 0.0109
Epoch 78: avg_loss = 0.0201
Epoch 79: avg_loss = 0.0320
Epoch 80: avg_loss = 0.0243
Epoch 81: avg_loss = 0.0074
Epoch 82: avg_loss = 0.0044
Epoch 83: avg_loss = 0.0065
Epoch 84: avg_loss = 0.0094
Epoch 85: avg_loss = 0.0176
Epoch 86: avg_loss = 0.0208
Epoch 87: avg_loss = 0.0229
Epoch 88: avg_loss = 0.0082
Epoch 89: avg_loss = 0.0098
Epoch 90: avg_loss = 0.0059
Epoch 91: avg_loss = 0.0052
Epoch 92: avg_loss = 0.0078
Epoch 93: avg_loss = 0.0123
Epoch 94: avg_loss = 0.0172
Epoch 95: avg_loss = 0.0248
Epoch 96: avg_loss = 0.0193
Epoch 97: avg_loss = 0.0096
Epoch 98: avg_loss = 0.0082
Epoch 99: avg_loss = 0.0100
Epoch 100: avg_loss = 0.0063
Saved checkpoints/pose_sd_toy_overfit/unet_epoch_100.pt
Epoch 101: avg_loss = 0.0056
Epoch 102: avg_loss = 0.0056
Epoch 103: avg_loss = 0.0072
Epoch 104: avg_loss = 0.0042
Epoch 105: avg_loss = 0.0037
Epoch 106: avg_loss = 0.0073
Epoch 107: avg_loss = 0.0073
Epoch 108: avg_loss = 0.0132
Epoch 109: avg_loss = 0.0103
Epoch 110: avg_loss = 0.0097
Epoch 111: avg_loss = 0.0402
Epoch 112: avg_loss = 0.0103
Epoch 113: avg_loss = 0.0085
Epoch 114: avg_loss = 0.0081
Epoch 115: avg_loss = 0.0080
Epoch 116: avg_loss = 0.0065
Epoch 117: avg_loss = 0.0050
Epoch 118: avg_loss = 0.0084
Epoch 119: avg_loss = 0.0154
Epoch 120: avg_loss = 0.0127
Epoch 121: avg_loss = 0.0090
Epoch 122: avg_loss = 0.0115
Epoch 123: avg_loss = 0.0123
Epoch 124: avg_loss = 0.0116
Epoch 125: avg_loss = 0.0084
Epoch 126: avg_loss = 0.0253
Epoch 127: avg_loss = 0.0188
Epoch 128: avg_loss = 0.0114
Epoch 129: avg_loss = 0.0171
Epoch 130: avg_loss = 0.0111
Epoch 131: avg_loss = 0.0094
Epoch 132: avg_loss = 0.0075
Epoch 133: avg_loss = 0.0063
Epoch 134: avg_loss = 0.0042
Epoch 135: avg_loss = 0.0054
Epoch 136: avg_loss = 0.0056
Epoch 137: avg_loss = 0.0060
Epoch 138: avg_loss = 0.0074
Epoch 139: avg_loss = 0.0084
Epoch 140: avg_loss = 0.0218
Epoch 141: avg_loss = 0.0126
Epoch 142: avg_loss = 0.0271
Epoch 143: avg_loss = 0.0125
Epoch 144: avg_loss = 0.0080
Epoch 145: avg_loss = 0.0110
Epoch 146: avg_loss = 0.0061
Epoch 147: avg_loss = 0.0044
Epoch 148: avg_loss = 0.0031
Epoch 149: avg_loss = 0.0060
Epoch 150: avg_loss = 0.0167
Saved checkpoints/pose_sd_toy_overfit/unet_epoch_150.pt
Epoch 151: avg_loss = 0.0241
Epoch 152: avg_loss = 0.0193
Epoch 153: avg_loss = 0.0196
Epoch 154: avg_loss = 0.0115
Epoch 155: avg_loss = 0.0084
Epoch 156: avg_loss = 0.0035
Epoch 157: avg_loss = 0.0087
Epoch 158: avg_loss = 0.0201
Epoch 159: avg_loss = 0.0163
Epoch 160: avg_loss = 0.0073
Epoch 161: avg_loss = 0.0031
Epoch 162: avg_loss = 0.0379
Epoch 163: avg_loss = 0.0240
Epoch 164: avg_loss = 0.0239
Epoch 165: avg_loss = 0.0241
Epoch 166: avg_loss = 0.0124
Epoch 167: avg_loss = 0.0143
Epoch 168: avg_loss = 0.0194
Epoch 169: avg_loss = 0.0074
Epoch 170: avg_loss = 0.0083
Epoch 171: avg_loss = 0.0316
Epoch 172: avg_loss = 0.0080
Epoch 173: avg_loss = 0.0121
Epoch 174: avg_loss = 0.0171
Epoch 175: avg_loss = 0.0129
Epoch 176: avg_loss = 0.0077
Epoch 177: avg_loss = 0.0360
Epoch 178: avg_loss = 0.0209
Epoch 179: avg_loss = 0.0122
Epoch 180: avg_loss = 0.0080
Epoch 181: avg_loss = 0.0293
Epoch 182: avg_loss = 0.0128
Epoch 183: avg_loss = 0.0080
Epoch 184: avg_loss = 0.0039
Epoch 185: avg_loss = 0.0158
Epoch 186: avg_loss = 0.0056
Epoch 187: avg_loss = 0.0175
Epoch 188: avg_loss = 0.0141
Epoch 189: avg_loss = 0.0106
Epoch 190: avg_loss = 0.0069
Epoch 191: avg_loss = 0.0197
Epoch 192: avg_loss = 0.0064
Epoch 193: avg_loss = 0.0121
Epoch 194: avg_loss = 0.0220
Epoch 195: avg_loss = 0.0119
Epoch 196: avg_loss = 0.0225
Epoch 197: avg_loss = 0.0068
Epoch 198: avg_loss = 0.0111
Epoch 199: avg_loss = 0.0229
Epoch 200: avg_loss = 0.0222
Saved checkpoints/pose_sd_toy_overfit/unet_epoch_200.pt
Epoch 201: avg_loss = 0.0191
Epoch 202: avg_loss = 0.0061
Epoch 203: avg_loss = 0.0193
Epoch 204: avg_loss = 0.0123
Epoch 205: avg_loss = 0.0081
Epoch 206: avg_loss = 0.0209
Epoch 207: avg_loss = 0.0344
Epoch 208: avg_loss = 0.0084
Epoch 209: avg_loss = 0.0233
Epoch 210: avg_loss = 0.0092
Epoch 211: avg_loss = 0.0053
Epoch 212: avg_loss = 0.0045
Epoch 213: avg_loss = 0.0052
Epoch 214: avg_loss = 0.0031
Epoch 215: avg_loss = 0.0028
Epoch 216: avg_loss = 0.0017
Epoch 217: avg_loss = 0.0031
Epoch 218: avg_loss = 0.0046
Epoch 219: avg_loss = 0.0040
Epoch 220: avg_loss = 0.0032
Epoch 221: avg_loss = 0.0046
Epoch 222: avg_loss = 0.0084
Epoch 223: avg_loss = 0.0071
Epoch 224: avg_loss = 0.0137
Epoch 225: avg_loss = 0.0090
Epoch 226: avg_loss = 0.0062
Epoch 227: avg_loss = 0.0093
Epoch 228: avg_loss = 0.0050
Epoch 229: avg_loss = 0.0055
Epoch 230: avg_loss = 0.0259
Epoch 231: avg_loss = 0.0062
Epoch 232: avg_loss = 0.0076
Epoch 233: avg_loss = 0.0200
Epoch 234: avg_loss = 0.0230
Epoch 235: avg_loss = 0.0105
Epoch 236: avg_loss = 0.0069
Epoch 237: avg_loss = 0.0080
Epoch 238: avg_loss = 0.0049
Epoch 239: avg_loss = 0.0108
Epoch 240: avg_loss = 0.0073
Epoch 241: avg_loss = 0.0125
Epoch 242: avg_loss = 0.0059
Epoch 243: avg_loss = 0.0045
Epoch 244: avg_loss = 0.0037
Epoch 245: avg_loss = 0.0126
Epoch 246: avg_loss = 0.0319
Epoch 247: avg_loss = 0.0216
Epoch 248: avg_loss = 0.0064
Epoch 249: avg_loss = 0.0073
Epoch 250: avg_loss = 0.0228
Saved checkpoints/pose_sd_toy_overfit/unet_epoch_250.pt
Epoch 251: avg_loss = 0.0057
Epoch 252: avg_loss = 0.0104
Epoch 253: avg_loss = 0.0102
Epoch 254: avg_loss = 0.0057
Epoch 255: avg_loss = 0.0029
Epoch 256: avg_loss = 0.0020
Epoch 257: avg_loss = 0.0026
Epoch 258: avg_loss = 0.0053
Epoch 259: avg_loss = 0.0036
Epoch 260: avg_loss = 0.0015
Epoch 261: avg_loss = 0.0019
Epoch 262: avg_loss = 0.0017
Epoch 263: avg_loss = 0.0032
Epoch 264: avg_loss = 0.0071
Epoch 265: avg_loss = 0.0096
Epoch 266: avg_loss = 0.0040
Epoch 267: avg_loss = 0.0053
Epoch 268: avg_loss = 0.0019
Epoch 269: avg_loss = 0.0033
Epoch 270: avg_loss = 0.0027
Epoch 271: avg_loss = 0.0038
Epoch 272: avg_loss = 0.0043
Epoch 273: avg_loss = 0.0041
Epoch 274: avg_loss = 0.0060
Epoch 275: avg_loss = 0.0054
Epoch 276: avg_loss = 0.0034
Epoch 277: avg_loss = 0.0202
Epoch 278: avg_loss = 0.0108
Epoch 279: avg_loss = 0.0148
Epoch 280: avg_loss = 0.0131
Epoch 281: avg_loss = 0.0178
Epoch 282: avg_loss = 0.0210
Epoch 283: avg_loss = 0.0175
Epoch 284: avg_loss = 0.0136
Epoch 285: avg_loss = 0.0153
Epoch 286: avg_loss = 0.0161
Epoch 287: avg_loss = 0.0080
Epoch 288: avg_loss = 0.0280
Epoch 289: avg_loss = 0.0030
Epoch 290: avg_loss = 0.0076
Epoch 291: avg_loss = 0.0102
Epoch 292: avg_loss = 0.0134
Epoch 293: avg_loss = 0.0069
Epoch 294: avg_loss = 0.0034
Epoch 295: avg_loss = 0.0057
Epoch 296: avg_loss = 0.0045
Epoch 297: avg_loss = 0.0044
Epoch 298: avg_loss = 0.0049
Epoch 299: avg_loss = 0.0076
Epoch 300: avg_loss = 0.0155
Saved checkpoints/pose_sd_toy_overfit/unet_epoch_300.pt
Epoch 301: avg_loss = 0.0123
Epoch 302: avg_loss = 0.0075
Epoch 303: avg_loss = 0.0096
Epoch 304: avg_loss = 0.0117
Epoch 305: avg_loss = 0.0193
Epoch 306: avg_loss = 0.0054
Epoch 307: avg_loss = 0.0113
Epoch 308: avg_loss = 0.0085
Epoch 309: avg_loss = 0.0027
Epoch 310: avg_loss = 0.0027
Epoch 311: avg_loss = 0.0064
Epoch 312: avg_loss = 0.0118
Epoch 313: avg_loss = 0.0158
Epoch 314: avg_loss = 0.0081
Epoch 315: avg_loss = 0.0038
Epoch 316: avg_loss = 0.0055
Epoch 317: avg_loss = 0.0063
Epoch 318: avg_loss = 0.0044
Epoch 319: avg_loss = 0.0023
Epoch 320: avg_loss = 0.0020
Epoch 321: avg_loss = 0.0043
Epoch 322: avg_loss = 0.0052
Epoch 323: avg_loss = 0.0076
Epoch 324: avg_loss = 0.0157
Epoch 325: avg_loss = 0.0134
Epoch 326: avg_loss = 0.0148
Epoch 327: avg_loss = 0.0274
Epoch 328: avg_loss = 0.0094
Epoch 329: avg_loss = 0.0051
Epoch 330: avg_loss = 0.0058
Epoch 331: avg_loss = 0.0144
Epoch 332: avg_loss = 0.0036
Epoch 333: avg_loss = 0.0034
Epoch 334: avg_loss = 0.0111
Epoch 335: avg_loss = 0.0133
Epoch 336: avg_loss = 0.0250
Epoch 337: avg_loss = 0.0158
Epoch 338: avg_loss = 0.0054
Epoch 339: avg_loss = 0.0042
Epoch 340: avg_loss = 0.0043
Epoch 341: avg_loss = 0.0074
Epoch 342: avg_loss = 0.0020
Epoch 343: avg_loss = 0.0103
Epoch 344: avg_loss = 0.0089
Epoch 345: avg_loss = 0.0037
Epoch 346: avg_loss = 0.0026
Epoch 347: avg_loss = 0.0019
Epoch 348: avg_loss = 0.0032
Epoch 349: avg_loss = 0.0060
Epoch 350: avg_loss = 0.0056
Saved checkpoints/pose_sd_toy_overfit/unet_epoch_350.pt
Epoch 351: avg_loss = 0.0076
Epoch 352: avg_loss = 0.0118
Epoch 353: avg_loss = 0.0101
Epoch 354: avg_loss = 0.0097
Epoch 355: avg_loss = 0.0064
Epoch 356: avg_loss = 0.0077
Epoch 357: avg_loss = 0.0066
Epoch 358: avg_loss = 0.0195
Epoch 359: avg_loss = 0.0318
Epoch 360: avg_loss = 0.0092
Epoch 361: avg_loss = 0.0147
Epoch 362: avg_loss = 0.0233
Epoch 363: avg_loss = 0.0066
Epoch 364: avg_loss = 0.0086
Epoch 365: avg_loss = 0.0072
Epoch 366: avg_loss = 0.0049
Epoch 367: avg_loss = 0.0311
Epoch 368: avg_loss = 0.0153
Epoch 369: avg_loss = 0.0065
Epoch 370: avg_loss = 0.0046
Epoch 371: avg_loss = 0.0028
Epoch 372: avg_loss = 0.0036
Epoch 373: avg_loss = 0.0019
Epoch 374: avg_loss = 0.0029
Epoch 375: avg_loss = 0.0042
Epoch 376: avg_loss = 0.0027
Epoch 377: avg_loss = 0.0043
Epoch 378: avg_loss = 0.0024
Epoch 379: avg_loss = 0.0019
Epoch 380: avg_loss = 0.0015
Epoch 381: avg_loss = 0.0013
Epoch 382: avg_loss = 0.0015
Epoch 383: avg_loss = 0.0013
Epoch 384: avg_loss = 0.0015
Epoch 385: avg_loss = 0.0050
Epoch 386: avg_loss = 0.0048
Epoch 387: avg_loss = 0.0053
Epoch 388: avg_loss = 0.0056
Epoch 389: avg_loss = 0.0043
Epoch 390: avg_loss = 0.0221
Epoch 391: avg_loss = 0.0088
Epoch 392: avg_loss = 0.0136
Epoch 393: avg_loss = 0.0080
Epoch 394: avg_loss = 0.0037
Epoch 395: avg_loss = 0.0067
Epoch 396: avg_loss = 0.0029
Epoch 397: avg_loss = 0.0021
Epoch 398: avg_loss = 0.0032
Epoch 399: avg_loss = 0.0061
Epoch 400: avg_loss = 0.0065
Saved checkpoints/pose_sd_toy_overfit/unet_epoch_400.pt
Epoch 401: avg_loss = 0.0031
Epoch 402: avg_loss = 0.0065
Epoch 403: avg_loss = 0.0096
Epoch 404: avg_loss = 0.0044
Epoch 405: avg_loss = 0.0072
Epoch 406: avg_loss = 0.0035
Epoch 407: avg_loss = 0.0058
Epoch 408: avg_loss = 0.0041
Epoch 409: avg_loss = 0.0043
Epoch 410: avg_loss = 0.0031
Epoch 411: avg_loss = 0.0024
Epoch 412: avg_loss = 0.0020
Epoch 413: avg_loss = 0.0024
Epoch 414: avg_loss = 0.0055
Epoch 415: avg_loss = 0.0024
Epoch 416: avg_loss = 0.0035
Epoch 417: avg_loss = 0.0022
Epoch 418: avg_loss = 0.0021
Epoch 419: avg_loss = 0.0025
Epoch 420: avg_loss = 0.0089
Epoch 421: avg_loss = 0.0342
Epoch 422: avg_loss = 0.0097
Epoch 423: avg_loss = 0.0243
Epoch 424: avg_loss = 0.0060
Epoch 425: avg_loss = 0.0132
Epoch 426: avg_loss = 0.0174
Epoch 427: avg_loss = 0.0086
Epoch 428: avg_loss = 0.0120
Epoch 429: avg_loss = 0.0089
Epoch 430: avg_loss = 0.0057
Epoch 431: avg_loss = 0.0125
Epoch 432: avg_loss = 0.0043
Epoch 433: avg_loss = 0.0019
Epoch 434: avg_loss = 0.0028
Epoch 435: avg_loss = 0.0029
Epoch 436: avg_loss = 0.0017
Epoch 437: avg_loss = 0.0184
Epoch 438: avg_loss = 0.0042
Epoch 439: avg_loss = 0.0062
Epoch 440: avg_loss = 0.0072
Epoch 441: avg_loss = 0.0019
Epoch 442: avg_loss = 0.0045
Epoch 443: avg_loss = 0.0060
Epoch 444: avg_loss = 0.0238
Epoch 445: avg_loss = 0.0040
Epoch 446: avg_loss = 0.0030
Epoch 447: avg_loss = 0.0043
Epoch 448: avg_loss = 0.0047
Epoch 449: avg_loss = 0.0152
Epoch 450: avg_loss = 0.0110
Saved checkpoints/pose_sd_toy_overfit/unet_epoch_450.pt
Epoch 451: avg_loss = 0.0084
Epoch 452: avg_loss = 0.0153
Epoch 453: avg_loss = 0.0090
Epoch 454: avg_loss = 0.0069
Epoch 455: avg_loss = 0.0042
Epoch 456: avg_loss = 0.0057
Epoch 457: avg_loss = 0.0037
Epoch 458: avg_loss = 0.0089
Epoch 459: avg_loss = 0.0093
Epoch 460: avg_loss = 0.0036
Epoch 461: avg_loss = 0.0051
Epoch 462: avg_loss = 0.0152
Epoch 463: avg_loss = 0.0277
Epoch 464: avg_loss = 0.0150
Epoch 465: avg_loss = 0.0042
Epoch 466: avg_loss = 0.0027
Epoch 467: avg_loss = 0.0039
Epoch 468: avg_loss = 0.0092
Epoch 469: avg_loss = 0.0042
Epoch 470: avg_loss = 0.0020
Epoch 471: avg_loss = 0.0072
Epoch 472: avg_loss = 0.0071
Epoch 473: avg_loss = 0.0037
Epoch 474: avg_loss = 0.0049
Epoch 475: avg_loss = 0.0102
Epoch 476: avg_loss = 0.0041
Epoch 477: avg_loss = 0.0051
Epoch 478: avg_loss = 0.0057
Epoch 479: avg_loss = 0.0177
Epoch 480: avg_loss = 0.0186
Epoch 481: avg_loss = 0.0068
Epoch 482: avg_loss = 0.0066
Epoch 483: avg_loss = 0.0031
Epoch 484: avg_loss = 0.0036
Epoch 485: avg_loss = 0.0026
Epoch 486: avg_loss = 0.0017
Epoch 487: avg_loss = 0.0022
Epoch 488: avg_loss = 0.0011
Epoch 489: avg_loss = 0.0015
Epoch 490: avg_loss = 0.0032
Epoch 491: avg_loss = 0.0125
Epoch 492: avg_loss = 0.0093
Epoch 493: avg_loss = 0.0023
Epoch 494: avg_loss = 0.0075
Epoch 495: avg_loss = 0.0064
Epoch 496: avg_loss = 0.0051
Epoch 497: avg_loss = 0.0051
Epoch 498: avg_loss = 0.0087
Epoch 499: avg_loss = 0.0064
Epoch 500: avg_loss = 0.0027
Saved checkpoints/pose_sd_toy_overfit/unet_epoch_500.pt
Saved checkpoints/pose_sd_toy_overfit/unet_final.pt
Training complete.
