Loading model...
Loading dataset...
Dataset ready: 2234 triplets, 448 images, 3463 unique Pluckers
Found 2234 training triplets
Starting training...
Resuming from checkpoints/pose_sd_mysore_v3/unet_epoch_30.pt (epoch 30, step 0)
Epoch 31: avg_loss = 0.1056
Epoch 32: avg_loss = 0.1030
Epoch 33: avg_loss = 0.0969
Epoch 34: avg_loss = 0.0935
Epoch 35: avg_loss = 0.0941
Saved checkpoints/pose_sd_mysore_v3/unet_epoch_35.pt
Epoch 36: avg_loss = 0.0919
Epoch 37: avg_loss = 0.0931
Epoch 38: avg_loss = 0.0907
Epoch 39: avg_loss = 0.0944
Epoch 40: avg_loss = 0.0913
Saved checkpoints/pose_sd_mysore_v3/unet_epoch_40.pt
Epoch 41: avg_loss = 0.0880
Epoch 42: avg_loss = 0.0923
Epoch 43: avg_loss = 0.0842
Epoch 44: avg_loss = 0.0922
Epoch 45: avg_loss = 0.0861
Saved checkpoints/pose_sd_mysore_v3/unet_epoch_45.pt
Epoch 46: avg_loss = 0.0832
Epoch 47: avg_loss = 0.0860
Epoch 48: avg_loss = 0.0830
Epoch 49: avg_loss = 0.0805
Epoch 50: avg_loss = 0.0770
Saved checkpoints/pose_sd_mysore_v3/unet_epoch_50.pt
Epoch 51: avg_loss = 0.0782
Epoch 52: avg_loss = 0.0767
Epoch 53: avg_loss = 0.0778
Epoch 54: avg_loss = 0.0776
Epoch 55: avg_loss = 0.0799
Saved checkpoints/pose_sd_mysore_v3/unet_epoch_55.pt
Epoch 56: avg_loss = 0.0751
Epoch 57: avg_loss = 0.0743
Epoch 58: avg_loss = 0.0741
Epoch 59: avg_loss = 0.0720
Epoch 60: avg_loss = 0.0743
Saved checkpoints/pose_sd_mysore_v3/unet_epoch_60.pt
Epoch 61: avg_loss = 0.0706
Epoch 62: avg_loss = 0.0698
Epoch 63: avg_loss = 0.0693
Epoch 64: avg_loss = 0.0691
Epoch 65: avg_loss = 0.0669
Saved checkpoints/pose_sd_mysore_v3/unet_epoch_65.pt
Epoch 66: avg_loss = 0.0645
Epoch 67: avg_loss = 0.0675
Epoch 68: avg_loss = 0.0656
Epoch 69: avg_loss = 0.0642
Epoch 70: avg_loss = 0.0664
Saved checkpoints/pose_sd_mysore_v3/unet_epoch_70.pt
Epoch 71: avg_loss = 0.0615
Epoch 72: avg_loss = 0.0611
Epoch 73: avg_loss = 0.0617
Epoch 74: avg_loss = 0.0596
Epoch 75: avg_loss = 0.0625
Saved checkpoints/pose_sd_mysore_v3/unet_epoch_75.pt
Epoch 76: avg_loss = 0.0586
